The system is: Linux - 5.17.1-gentoo-r1 - x86_64
Compiling the C compiler identification source file "CMakeCCompilerId.c" succeeded.
Compiler: /usr/lib/llvm/14/bin/clang 
Build flags: 
Id flags:  

The output was:
0


Compilation of the C compiler identification source "CMakeCCompilerId.c" produced "a.out"

The C compiler identification is Clang, found in "/home/sohaibalam/Projects/perhapsagameengineidkandidc/gameengineidk/build/CMakeFiles/3.23.0/CompilerIdC/a.out"

Compiling the CXX compiler identification source file "CMakeCXXCompilerId.cpp" succeeded.
Compiler: /usr/lib/llvm/14/bin/clang++ 
Build flags: 
Id flags:  

The output was:
0


Compilation of the CXX compiler identification source "CMakeCXXCompilerId.cpp" produced "a.out"

The CXX compiler identification is Clang, found in "/home/sohaibalam/Projects/perhapsagameengineidkandidc/gameengineidk/build/CMakeFiles/3.23.0/CompilerIdCXX/a.out"

Detecting C compiler ABI info compiled with the following output:
Change Dir: /home/sohaibalam/Projects/perhapsagameengineidkandidc/gameengineidk/build/CMakeFiles/CMakeTmp

Run Build Command(s):/usr/bin/ninja cmTC_1aabc && [1/2] Building C object CMakeFiles/cmTC_1aabc.dir/CMakeCCompilerABI.c.o
clang version 14.0.0
Target: x86_64-pc-linux-gnu
Thread model: posix
InstalledDir: /usr/lib/llvm/14/bin
Selected GCC installation: /usr/lib/gcc/x86_64-pc-linux-gnu/11.2.1
Candidate multilib: .;@m64
Candidate multilib: 32;@m32
Selected multilib: .;@m64
 (in-process)
 "/usr/lib/llvm/14/bin/clang-14" -cc1 -triple x86_64-pc-linux-gnu -emit-obj -mrelax-all --mrelax-relocations -disable-free -clear-ast-before-backend -disable-llvm-verifier -discard-value-names -main-file-name CMakeCCompilerABI.c -mrelocation-model pic -pic-level 2 -pic-is-pie -mframe-pointer=all -fmath-errno -ffp-contract=on -fno-rounding-math -mconstructor-aliases -funwind-tables=2 -target-cpu x86-64 -tune-cpu generic -mllvm -treat-scalable-fixed-error-as-warning -debugger-tuning=gdb -v -fcoverage-compilation-dir=/home/sohaibalam/Projects/perhapsagameengineidkandidc/gameengineidk/build/CMakeFiles/CMakeTmp -resource-dir /usr/lib/llvm/14/bin/../../../../lib/clang/14.0.0 -dependency-file CMakeFiles/cmTC_1aabc.dir/CMakeCCompilerABI.c.o.d -MT CMakeFiles/cmTC_1aabc.dir/CMakeCCompilerABI.c.o -sys-header-deps -internal-isystem /usr/lib/llvm/14/bin/../../../../lib/clang/14.0.0/include -internal-isystem /usr/local/include -internal-isystem /usr/lib/gcc/x86_64-pc-linux-gnu/11.2.1/../../../../x86_64-pc-linux-gnu/include -internal-externc-isystem /include -internal-externc-isystem /usr/include -fdebug-compilation-dir=/home/sohaibalam/Projects/perhapsagameengineidkandidc/gameengineidk/build/CMakeFiles/CMakeTmp -ferror-limit 19 -fgnuc-version=4.2.1 -D__GCC_HAVE_DWARF2_CFI_ASM=1 -o CMakeFiles/cmTC_1aabc.dir/CMakeCCompilerABI.c.o -x c /usr/share/cmake/Modules/CMakeCCompilerABI.c
clang -cc1 version 14.0.0 based upon LLVM 14.0.0 default target x86_64-pc-linux-gnu
ignoring nonexistent directory "/usr/lib/gcc/x86_64-pc-linux-gnu/11.2.1/../../../../x86_64-pc-linux-gnu/include"
ignoring nonexistent directory "/include"
#include "..." search starts here:
#include <...> search starts here:
 /usr/lib/llvm/14/bin/../../../../lib/clang/14.0.0/include
 /usr/local/include
 /usr/include
End of search list.
[2/2] Linking C executable cmTC_1aabc
clang version 14.0.0
Target: x86_64-pc-linux-gnu
Thread model: posix
InstalledDir: /usr/lib/llvm/14/bin
Selected GCC installation: /usr/lib/gcc/x86_64-pc-linux-gnu/11.2.1
Candidate multilib: .;@m64
Candidate multilib: 32;@m32
Selected multilib: .;@m64
 "/usr/bin/x86_64-pc-linux-gnu-ld" -pie -export-dynamic --eh-frame-hdr -m elf_x86_64 -export-dynamic -dynamic-linker /lib64/ld-linux-x86-64.so.2 -o cmTC_1aabc /usr/lib/gcc/x86_64-pc-linux-gnu/11.2.1/../../../../lib64/Scrt1.o /usr/lib/gcc/x86_64-pc-linux-gnu/11.2.1/../../../../lib64/crti.o /usr/lib/gcc/x86_64-pc-linux-gnu/11.2.1/crtbeginS.o -L/usr/lib/gcc/x86_64-pc-linux-gnu/11.2.1 -L/usr/lib/gcc/x86_64-pc-linux-gnu/11.2.1/../../../../lib64 -L/lib/../lib64 -L/usr/lib/../lib64 -L/usr/lib/gcc/x86_64-pc-linux-gnu/11.2.1/../../../../x86_64-pc-linux-gnu/lib -L/lib -L/usr/lib CMakeFiles/cmTC_1aabc.dir/CMakeCCompilerABI.c.o -lgcc --as-needed -lgcc_s --no-as-needed -lc -lgcc --as-needed -lgcc_s --no-as-needed /usr/lib/gcc/x86_64-pc-linux-gnu/11.2.1/crtendS.o /usr/lib/gcc/x86_64-pc-linux-gnu/11.2.1/../../../../lib64/crtn.o



Parsed C implicit include dir info from above output: rv=done
  found start of include info
  found start of implicit include info
    add: [/usr/lib/llvm/14/bin/../../../../lib/clang/14.0.0/include]
    add: [/usr/local/include]
    add: [/usr/include]
  end of search list found
  collapse include dir [/usr/lib/llvm/14/bin/../../../../lib/clang/14.0.0/include] ==> [/usr/lib/clang/14.0.0/include]
  collapse include dir [/usr/local/include] ==> [/usr/local/include]
  collapse include dir [/usr/include] ==> [/usr/include]
  implicit include dirs: [/usr/lib/clang/14.0.0/include;/usr/local/include;/usr/include]


Parsed C implicit link information from above output:
  link line regex: [^( *|.*[/\])(ld|CMAKE_LINK_STARTFILE-NOTFOUND|([^/\]+-)?ld|collect2)[^/\]*( |$)]
  ignore line: [Change Dir: /home/sohaibalam/Projects/perhapsagameengineidkandidc/gameengineidk/build/CMakeFiles/CMakeTmp]
  ignore line: []
  ignore line: [Run Build Command(s):/usr/bin/ninja cmTC_1aabc && [1/2] Building C object CMakeFiles/cmTC_1aabc.dir/CMakeCCompilerABI.c.o]
  ignore line: [clang version 14.0.0]
  ignore line: [Target: x86_64-pc-linux-gnu]
  ignore line: [Thread model: posix]
  ignore line: [InstalledDir: /usr/lib/llvm/14/bin]
  ignore line: [Selected GCC installation: /usr/lib/gcc/x86_64-pc-linux-gnu/11.2.1]
  ignore line: [Candidate multilib: .]
  ignore line: [@m64]
  ignore line: [Candidate multilib: 32]
  ignore line: [@m32]
  ignore line: [Selected multilib: .]
  ignore line: [@m64]
  ignore line: [ (in-process)]
  ignore line: [ "/usr/lib/llvm/14/bin/clang-14" -cc1 -triple x86_64-pc-linux-gnu -emit-obj -mrelax-all --mrelax-relocations -disable-free -clear-ast-before-backend -disable-llvm-verifier -discard-value-names -main-file-name CMakeCCompilerABI.c -mrelocation-model pic -pic-level 2 -pic-is-pie -mframe-pointer=all -fmath-errno -ffp-contract=on -fno-rounding-math -mconstructor-aliases -funwind-tables=2 -target-cpu x86-64 -tune-cpu generic -mllvm -treat-scalable-fixed-error-as-warning -debugger-tuning=gdb -v -fcoverage-compilation-dir=/home/sohaibalam/Projects/perhapsagameengineidkandidc/gameengineidk/build/CMakeFiles/CMakeTmp -resource-dir /usr/lib/llvm/14/bin/../../../../lib/clang/14.0.0 -dependency-file CMakeFiles/cmTC_1aabc.dir/CMakeCCompilerABI.c.o.d -MT CMakeFiles/cmTC_1aabc.dir/CMakeCCompilerABI.c.o -sys-header-deps -internal-isystem /usr/lib/llvm/14/bin/../../../../lib/clang/14.0.0/include -internal-isystem /usr/local/include -internal-isystem /usr/lib/gcc/x86_64-pc-linux-gnu/11.2.1/../../../../x86_64-pc-linux-gnu/include -internal-externc-isystem /include -internal-externc-isystem /usr/include -fdebug-compilation-dir=/home/sohaibalam/Projects/perhapsagameengineidkandidc/gameengineidk/build/CMakeFiles/CMakeTmp -ferror-limit 19 -fgnuc-version=4.2.1 -D__GCC_HAVE_DWARF2_CFI_ASM=1 -o CMakeFiles/cmTC_1aabc.dir/CMakeCCompilerABI.c.o -x c /usr/share/cmake/Modules/CMakeCCompilerABI.c]
  ignore line: [clang -cc1 version 14.0.0 based upon LLVM 14.0.0 default target x86_64-pc-linux-gnu]
  ignore line: [ignoring nonexistent directory "/usr/lib/gcc/x86_64-pc-linux-gnu/11.2.1/../../../../x86_64-pc-linux-gnu/include"]
  ignore line: [ignoring nonexistent directory "/include"]
  ignore line: [#include "..." search starts here:]
  ignore line: [#include <...> search starts here:]
  ignore line: [ /usr/lib/llvm/14/bin/../../../../lib/clang/14.0.0/include]
  ignore line: [ /usr/local/include]
  ignore line: [ /usr/include]
  ignore line: [End of search list.]
  ignore line: [[2/2] Linking C executable cmTC_1aabc]
  ignore line: [clang version 14.0.0]
  ignore line: [Target: x86_64-pc-linux-gnu]
  ignore line: [Thread model: posix]
  ignore line: [InstalledDir: /usr/lib/llvm/14/bin]
  ignore line: [Selected GCC installation: /usr/lib/gcc/x86_64-pc-linux-gnu/11.2.1]
  ignore line: [Candidate multilib: .]
  ignore line: [@m64]
  ignore line: [Candidate multilib: 32]
  ignore line: [@m32]
  ignore line: [Selected multilib: .]
  ignore line: [@m64]
  link line: [ "/usr/bin/x86_64-pc-linux-gnu-ld" -pie -export-dynamic --eh-frame-hdr -m elf_x86_64 -export-dynamic -dynamic-linker /lib64/ld-linux-x86-64.so.2 -o cmTC_1aabc /usr/lib/gcc/x86_64-pc-linux-gnu/11.2.1/../../../../lib64/Scrt1.o /usr/lib/gcc/x86_64-pc-linux-gnu/11.2.1/../../../../lib64/crti.o /usr/lib/gcc/x86_64-pc-linux-gnu/11.2.1/crtbeginS.o -L/usr/lib/gcc/x86_64-pc-linux-gnu/11.2.1 -L/usr/lib/gcc/x86_64-pc-linux-gnu/11.2.1/../../../../lib64 -L/lib/../lib64 -L/usr/lib/../lib64 -L/usr/lib/gcc/x86_64-pc-linux-gnu/11.2.1/../../../../x86_64-pc-linux-gnu/lib -L/lib -L/usr/lib CMakeFiles/cmTC_1aabc.dir/CMakeCCompilerABI.c.o -lgcc --as-needed -lgcc_s --no-as-needed -lc -lgcc --as-needed -lgcc_s --no-as-needed /usr/lib/gcc/x86_64-pc-linux-gnu/11.2.1/crtendS.o /usr/lib/gcc/x86_64-pc-linux-gnu/11.2.1/../../../../lib64/crtn.o]
    arg [/usr/bin/x86_64-pc-linux-gnu-ld] ==> ignore
    arg [-pie] ==> ignore
    arg [-export-dynamic] ==> ignore
    arg [--eh-frame-hdr] ==> ignore
    arg [-m] ==> ignore
    arg [elf_x86_64] ==> ignore
    arg [-export-dynamic] ==> ignore
    arg [-dynamic-linker] ==> ignore
    arg [/lib64/ld-linux-x86-64.so.2] ==> ignore
    arg [-o] ==> ignore
    arg [cmTC_1aabc] ==> ignore
    arg [/usr/lib/gcc/x86_64-pc-linux-gnu/11.2.1/../../../../lib64/Scrt1.o] ==> obj [/usr/lib/gcc/x86_64-pc-linux-gnu/11.2.1/../../../../lib64/Scrt1.o]
    arg [/usr/lib/gcc/x86_64-pc-linux-gnu/11.2.1/../../../../lib64/crti.o] ==> obj [/usr/lib/gcc/x86_64-pc-linux-gnu/11.2.1/../../../../lib64/crti.o]
    arg [/usr/lib/gcc/x86_64-pc-linux-gnu/11.2.1/crtbeginS.o] ==> obj [/usr/lib/gcc/x86_64-pc-linux-gnu/11.2.1/crtbeginS.o]
    arg [-L/usr/lib/gcc/x86_64-pc-linux-gnu/11.2.1] ==> dir [/usr/lib/gcc/x86_64-pc-linux-gnu/11.2.1]
    arg [-L/usr/lib/gcc/x86_64-pc-linux-gnu/11.2.1/../../../../lib64] ==> dir [/usr/lib/gcc/x86_64-pc-linux-gnu/11.2.1/../../../../lib64]
    arg [-L/lib/../lib64] ==> dir [/lib/../lib64]
    arg [-L/usr/lib/../lib64] ==> dir [/usr/lib/../lib64]
    arg [-L/usr/lib/gcc/x86_64-pc-linux-gnu/11.2.1/../../../../x86_64-pc-linux-gnu/lib] ==> dir [/usr/lib/gcc/x86_64-pc-linux-gnu/11.2.1/../../../../x86_64-pc-linux-gnu/lib]
    arg [-L/lib] ==> dir [/lib]
    arg [-L/usr/lib] ==> dir [/usr/lib]
    arg [CMakeFiles/cmTC_1aabc.dir/CMakeCCompilerABI.c.o] ==> ignore
    arg [-lgcc] ==> lib [gcc]
    arg [--as-needed] ==> ignore
    arg [-lgcc_s] ==> lib [gcc_s]
    arg [--no-as-needed] ==> ignore
    arg [-lc] ==> lib [c]
    arg [-lgcc] ==> lib [gcc]
    arg [--as-needed] ==> ignore
    arg [-lgcc_s] ==> lib [gcc_s]
    arg [--no-as-needed] ==> ignore
    arg [/usr/lib/gcc/x86_64-pc-linux-gnu/11.2.1/crtendS.o] ==> obj [/usr/lib/gcc/x86_64-pc-linux-gnu/11.2.1/crtendS.o]
    arg [/usr/lib/gcc/x86_64-pc-linux-gnu/11.2.1/../../../../lib64/crtn.o] ==> obj [/usr/lib/gcc/x86_64-pc-linux-gnu/11.2.1/../../../../lib64/crtn.o]
  collapse obj [/usr/lib/gcc/x86_64-pc-linux-gnu/11.2.1/../../../../lib64/Scrt1.o] ==> [/usr/lib64/Scrt1.o]
  collapse obj [/usr/lib/gcc/x86_64-pc-linux-gnu/11.2.1/../../../../lib64/crti.o] ==> [/usr/lib64/crti.o]
  collapse obj [/usr/lib/gcc/x86_64-pc-linux-gnu/11.2.1/../../../../lib64/crtn.o] ==> [/usr/lib64/crtn.o]
  collapse library dir [/usr/lib/gcc/x86_64-pc-linux-gnu/11.2.1] ==> [/usr/lib/gcc/x86_64-pc-linux-gnu/11.2.1]
  collapse library dir [/usr/lib/gcc/x86_64-pc-linux-gnu/11.2.1/../../../../lib64] ==> [/usr/lib64]
  collapse library dir [/lib/../lib64] ==> [/lib64]
  collapse library dir [/usr/lib/../lib64] ==> [/usr/lib64]
  collapse library dir [/usr/lib/gcc/x86_64-pc-linux-gnu/11.2.1/../../../../x86_64-pc-linux-gnu/lib] ==> [/usr/x86_64-pc-linux-gnu/lib]
  collapse library dir [/lib] ==> [/lib]
  collapse library dir [/usr/lib] ==> [/usr/lib]
  implicit libs: [gcc;gcc_s;c;gcc;gcc_s]
  implicit objs: [/usr/lib64/Scrt1.o;/usr/lib64/crti.o;/usr/lib/gcc/x86_64-pc-linux-gnu/11.2.1/crtbeginS.o;/usr/lib/gcc/x86_64-pc-linux-gnu/11.2.1/crtendS.o;/usr/lib64/crtn.o]
  implicit dirs: [/usr/lib/gcc/x86_64-pc-linux-gnu/11.2.1;/usr/lib64;/lib64;/usr/x86_64-pc-linux-gnu/lib;/lib;/usr/lib]
  implicit fwks: []


Detecting CXX compiler ABI info compiled with the following output:
Change Dir: /home/sohaibalam/Projects/perhapsagameengineidkandidc/gameengineidk/build/CMakeFiles/CMakeTmp

Run Build Command(s):/usr/bin/ninja cmTC_5571a && [1/2] Building CXX object CMakeFiles/cmTC_5571a.dir/CMakeCXXCompilerABI.cpp.o
clang version 14.0.0
Target: x86_64-pc-linux-gnu
Thread model: posix
InstalledDir: /usr/lib/llvm/14/bin
Selected GCC installation: /usr/lib/gcc/x86_64-pc-linux-gnu/11.2.1
Candidate multilib: .;@m64
Candidate multilib: 32;@m32
Selected multilib: .;@m64
 (in-process)
 "/usr/lib/llvm/14/bin/clang-14" -cc1 -triple x86_64-pc-linux-gnu -emit-obj -mrelax-all --mrelax-relocations -disable-free -clear-ast-before-backend -disable-llvm-verifier -discard-value-names -main-file-name CMakeCXXCompilerABI.cpp -mrelocation-model pic -pic-level 2 -pic-is-pie -mframe-pointer=all -fmath-errno -ffp-contract=on -fno-rounding-math -mconstructor-aliases -funwind-tables=2 -target-cpu x86-64 -tune-cpu generic -mllvm -treat-scalable-fixed-error-as-warning -debugger-tuning=gdb -v -fcoverage-compilation-dir=/home/sohaibalam/Projects/perhapsagameengineidkandidc/gameengineidk/build/CMakeFiles/CMakeTmp -resource-dir /usr/lib/llvm/14/bin/../../../../lib/clang/14.0.0 -dependency-file CMakeFiles/cmTC_5571a.dir/CMakeCXXCompilerABI.cpp.o.d -MT CMakeFiles/cmTC_5571a.dir/CMakeCXXCompilerABI.cpp.o -sys-header-deps -internal-isystem /usr/lib/gcc/x86_64-pc-linux-gnu/11.2.1/include/g++-v11 -internal-isystem /usr/lib/gcc/x86_64-pc-linux-gnu/11.2.1/include/g++-v11/x86_64-pc-linux-gnu -internal-isystem /usr/lib/gcc/x86_64-pc-linux-gnu/11.2.1/include/g++-v11/backward -internal-isystem /usr/lib/llvm/14/bin/../../../../lib/clang/14.0.0/include -internal-isystem /usr/local/include -internal-isystem /usr/lib/gcc/x86_64-pc-linux-gnu/11.2.1/../../../../x86_64-pc-linux-gnu/include -internal-externc-isystem /include -internal-externc-isystem /usr/include -fdeprecated-macro -fdebug-compilation-dir=/home/sohaibalam/Projects/perhapsagameengineidkandidc/gameengineidk/build/CMakeFiles/CMakeTmp -ferror-limit 19 -fgnuc-version=4.2.1 -fcxx-exceptions -fexceptions -D__GCC_HAVE_DWARF2_CFI_ASM=1 -o CMakeFiles/cmTC_5571a.dir/CMakeCXXCompilerABI.cpp.o -x c++ /usr/share/cmake/Modules/CMakeCXXCompilerABI.cpp
clang -cc1 version 14.0.0 based upon LLVM 14.0.0 default target x86_64-pc-linux-gnu
ignoring nonexistent directory "/usr/lib/gcc/x86_64-pc-linux-gnu/11.2.1/../../../../x86_64-pc-linux-gnu/include"
ignoring nonexistent directory "/include"
#include "..." search starts here:
#include <...> search starts here:
 /usr/lib/gcc/x86_64-pc-linux-gnu/11.2.1/include/g++-v11
 /usr/lib/gcc/x86_64-pc-linux-gnu/11.2.1/include/g++-v11/x86_64-pc-linux-gnu
 /usr/lib/gcc/x86_64-pc-linux-gnu/11.2.1/include/g++-v11/backward
 /usr/lib/llvm/14/bin/../../../../lib/clang/14.0.0/include
 /usr/local/include
 /usr/include
End of search list.
[2/2] Linking CXX executable cmTC_5571a
clang version 14.0.0
Target: x86_64-pc-linux-gnu
Thread model: posix
InstalledDir: /usr/lib/llvm/14/bin
Selected GCC installation: /usr/lib/gcc/x86_64-pc-linux-gnu/11.2.1
Candidate multilib: .;@m64
Candidate multilib: 32;@m32
Selected multilib: .;@m64
 "/usr/bin/x86_64-pc-linux-gnu-ld" -pie -export-dynamic --eh-frame-hdr -m elf_x86_64 -export-dynamic -dynamic-linker /lib64/ld-linux-x86-64.so.2 -o cmTC_5571a /usr/lib/gcc/x86_64-pc-linux-gnu/11.2.1/../../../../lib64/Scrt1.o /usr/lib/gcc/x86_64-pc-linux-gnu/11.2.1/../../../../lib64/crti.o /usr/lib/gcc/x86_64-pc-linux-gnu/11.2.1/crtbeginS.o -L/usr/lib/gcc/x86_64-pc-linux-gnu/11.2.1 -L/usr/lib/gcc/x86_64-pc-linux-gnu/11.2.1/../../../../lib64 -L/lib/../lib64 -L/usr/lib/../lib64 -L/usr/lib/gcc/x86_64-pc-linux-gnu/11.2.1/../../../../x86_64-pc-linux-gnu/lib -L/lib -L/usr/lib CMakeFiles/cmTC_5571a.dir/CMakeCXXCompilerABI.cpp.o -lstdc++ -lm -lgcc_s -lgcc -lc -lgcc_s -lgcc /usr/lib/gcc/x86_64-pc-linux-gnu/11.2.1/crtendS.o /usr/lib/gcc/x86_64-pc-linux-gnu/11.2.1/../../../../lib64/crtn.o



Parsed CXX implicit include dir info from above output: rv=done
  found start of include info
  found start of implicit include info
    add: [/usr/lib/gcc/x86_64-pc-linux-gnu/11.2.1/include/g++-v11]
    add: [/usr/lib/gcc/x86_64-pc-linux-gnu/11.2.1/include/g++-v11/x86_64-pc-linux-gnu]
    add: [/usr/lib/gcc/x86_64-pc-linux-gnu/11.2.1/include/g++-v11/backward]
    add: [/usr/lib/llvm/14/bin/../../../../lib/clang/14.0.0/include]
    add: [/usr/local/include]
    add: [/usr/include]
  end of search list found
  collapse include dir [/usr/lib/gcc/x86_64-pc-linux-gnu/11.2.1/include/g++-v11] ==> [/usr/lib/gcc/x86_64-pc-linux-gnu/11.2.1/include/g++-v11]
  collapse include dir [/usr/lib/gcc/x86_64-pc-linux-gnu/11.2.1/include/g++-v11/x86_64-pc-linux-gnu] ==> [/usr/lib/gcc/x86_64-pc-linux-gnu/11.2.1/include/g++-v11/x86_64-pc-linux-gnu]
  collapse include dir [/usr/lib/gcc/x86_64-pc-linux-gnu/11.2.1/include/g++-v11/backward] ==> [/usr/lib/gcc/x86_64-pc-linux-gnu/11.2.1/include/g++-v11/backward]
  collapse include dir [/usr/lib/llvm/14/bin/../../../../lib/clang/14.0.0/include] ==> [/usr/lib/clang/14.0.0/include]
  collapse include dir [/usr/local/include] ==> [/usr/local/include]
  collapse include dir [/usr/include] ==> [/usr/include]
  implicit include dirs: [/usr/lib/gcc/x86_64-pc-linux-gnu/11.2.1/include/g++-v11;/usr/lib/gcc/x86_64-pc-linux-gnu/11.2.1/include/g++-v11/x86_64-pc-linux-gnu;/usr/lib/gcc/x86_64-pc-linux-gnu/11.2.1/include/g++-v11/backward;/usr/lib/clang/14.0.0/include;/usr/local/include;/usr/include]


Parsed CXX implicit link information from above output:
  link line regex: [^( *|.*[/\])(ld|CMAKE_LINK_STARTFILE-NOTFOUND|([^/\]+-)?ld|collect2)[^/\]*( |$)]
  ignore line: [Change Dir: /home/sohaibalam/Projects/perhapsagameengineidkandidc/gameengineidk/build/CMakeFiles/CMakeTmp]
  ignore line: []
  ignore line: [Run Build Command(s):/usr/bin/ninja cmTC_5571a && [1/2] Building CXX object CMakeFiles/cmTC_5571a.dir/CMakeCXXCompilerABI.cpp.o]
  ignore line: [clang version 14.0.0]
  ignore line: [Target: x86_64-pc-linux-gnu]
  ignore line: [Thread model: posix]
  ignore line: [InstalledDir: /usr/lib/llvm/14/bin]
  ignore line: [Selected GCC installation: /usr/lib/gcc/x86_64-pc-linux-gnu/11.2.1]
  ignore line: [Candidate multilib: .]
  ignore line: [@m64]
  ignore line: [Candidate multilib: 32]
  ignore line: [@m32]
  ignore line: [Selected multilib: .]
  ignore line: [@m64]
  ignore line: [ (in-process)]
  ignore line: [ "/usr/lib/llvm/14/bin/clang-14" -cc1 -triple x86_64-pc-linux-gnu -emit-obj -mrelax-all --mrelax-relocations -disable-free -clear-ast-before-backend -disable-llvm-verifier -discard-value-names -main-file-name CMakeCXXCompilerABI.cpp -mrelocation-model pic -pic-level 2 -pic-is-pie -mframe-pointer=all -fmath-errno -ffp-contract=on -fno-rounding-math -mconstructor-aliases -funwind-tables=2 -target-cpu x86-64 -tune-cpu generic -mllvm -treat-scalable-fixed-error-as-warning -debugger-tuning=gdb -v -fcoverage-compilation-dir=/home/sohaibalam/Projects/perhapsagameengineidkandidc/gameengineidk/build/CMakeFiles/CMakeTmp -resource-dir /usr/lib/llvm/14/bin/../../../../lib/clang/14.0.0 -dependency-file CMakeFiles/cmTC_5571a.dir/CMakeCXXCompilerABI.cpp.o.d -MT CMakeFiles/cmTC_5571a.dir/CMakeCXXCompilerABI.cpp.o -sys-header-deps -internal-isystem /usr/lib/gcc/x86_64-pc-linux-gnu/11.2.1/include/g++-v11 -internal-isystem /usr/lib/gcc/x86_64-pc-linux-gnu/11.2.1/include/g++-v11/x86_64-pc-linux-gnu -internal-isystem /usr/lib/gcc/x86_64-pc-linux-gnu/11.2.1/include/g++-v11/backward -internal-isystem /usr/lib/llvm/14/bin/../../../../lib/clang/14.0.0/include -internal-isystem /usr/local/include -internal-isystem /usr/lib/gcc/x86_64-pc-linux-gnu/11.2.1/../../../../x86_64-pc-linux-gnu/include -internal-externc-isystem /include -internal-externc-isystem /usr/include -fdeprecated-macro -fdebug-compilation-dir=/home/sohaibalam/Projects/perhapsagameengineidkandidc/gameengineidk/build/CMakeFiles/CMakeTmp -ferror-limit 19 -fgnuc-version=4.2.1 -fcxx-exceptions -fexceptions -D__GCC_HAVE_DWARF2_CFI_ASM=1 -o CMakeFiles/cmTC_5571a.dir/CMakeCXXCompilerABI.cpp.o -x c++ /usr/share/cmake/Modules/CMakeCXXCompilerABI.cpp]
  ignore line: [clang -cc1 version 14.0.0 based upon LLVM 14.0.0 default target x86_64-pc-linux-gnu]
  ignore line: [ignoring nonexistent directory "/usr/lib/gcc/x86_64-pc-linux-gnu/11.2.1/../../../../x86_64-pc-linux-gnu/include"]
  ignore line: [ignoring nonexistent directory "/include"]
  ignore line: [#include "..." search starts here:]
  ignore line: [#include <...> search starts here:]
  ignore line: [ /usr/lib/gcc/x86_64-pc-linux-gnu/11.2.1/include/g++-v11]
  ignore line: [ /usr/lib/gcc/x86_64-pc-linux-gnu/11.2.1/include/g++-v11/x86_64-pc-linux-gnu]
  ignore line: [ /usr/lib/gcc/x86_64-pc-linux-gnu/11.2.1/include/g++-v11/backward]
  ignore line: [ /usr/lib/llvm/14/bin/../../../../lib/clang/14.0.0/include]
  ignore line: [ /usr/local/include]
  ignore line: [ /usr/include]
  ignore line: [End of search list.]
  ignore line: [[2/2] Linking CXX executable cmTC_5571a]
  ignore line: [clang version 14.0.0]
  ignore line: [Target: x86_64-pc-linux-gnu]
  ignore line: [Thread model: posix]
  ignore line: [InstalledDir: /usr/lib/llvm/14/bin]
  ignore line: [Selected GCC installation: /usr/lib/gcc/x86_64-pc-linux-gnu/11.2.1]
  ignore line: [Candidate multilib: .]
  ignore line: [@m64]
  ignore line: [Candidate multilib: 32]
  ignore line: [@m32]
  ignore line: [Selected multilib: .]
  ignore line: [@m64]
  link line: [ "/usr/bin/x86_64-pc-linux-gnu-ld" -pie -export-dynamic --eh-frame-hdr -m elf_x86_64 -export-dynamic -dynamic-linker /lib64/ld-linux-x86-64.so.2 -o cmTC_5571a /usr/lib/gcc/x86_64-pc-linux-gnu/11.2.1/../../../../lib64/Scrt1.o /usr/lib/gcc/x86_64-pc-linux-gnu/11.2.1/../../../../lib64/crti.o /usr/lib/gcc/x86_64-pc-linux-gnu/11.2.1/crtbeginS.o -L/usr/lib/gcc/x86_64-pc-linux-gnu/11.2.1 -L/usr/lib/gcc/x86_64-pc-linux-gnu/11.2.1/../../../../lib64 -L/lib/../lib64 -L/usr/lib/../lib64 -L/usr/lib/gcc/x86_64-pc-linux-gnu/11.2.1/../../../../x86_64-pc-linux-gnu/lib -L/lib -L/usr/lib CMakeFiles/cmTC_5571a.dir/CMakeCXXCompilerABI.cpp.o -lstdc++ -lm -lgcc_s -lgcc -lc -lgcc_s -lgcc /usr/lib/gcc/x86_64-pc-linux-gnu/11.2.1/crtendS.o /usr/lib/gcc/x86_64-pc-linux-gnu/11.2.1/../../../../lib64/crtn.o]
    arg [/usr/bin/x86_64-pc-linux-gnu-ld] ==> ignore
    arg [-pie] ==> ignore
    arg [-export-dynamic] ==> ignore
    arg [--eh-frame-hdr] ==> ignore
    arg [-m] ==> ignore
    arg [elf_x86_64] ==> ignore
    arg [-export-dynamic] ==> ignore
    arg [-dynamic-linker] ==> ignore
    arg [/lib64/ld-linux-x86-64.so.2] ==> ignore
    arg [-o] ==> ignore
    arg [cmTC_5571a] ==> ignore
    arg [/usr/lib/gcc/x86_64-pc-linux-gnu/11.2.1/../../../../lib64/Scrt1.o] ==> obj [/usr/lib/gcc/x86_64-pc-linux-gnu/11.2.1/../../../../lib64/Scrt1.o]
    arg [/usr/lib/gcc/x86_64-pc-linux-gnu/11.2.1/../../../../lib64/crti.o] ==> obj [/usr/lib/gcc/x86_64-pc-linux-gnu/11.2.1/../../../../lib64/crti.o]
    arg [/usr/lib/gcc/x86_64-pc-linux-gnu/11.2.1/crtbeginS.o] ==> obj [/usr/lib/gcc/x86_64-pc-linux-gnu/11.2.1/crtbeginS.o]
    arg [-L/usr/lib/gcc/x86_64-pc-linux-gnu/11.2.1] ==> dir [/usr/lib/gcc/x86_64-pc-linux-gnu/11.2.1]
    arg [-L/usr/lib/gcc/x86_64-pc-linux-gnu/11.2.1/../../../../lib64] ==> dir [/usr/lib/gcc/x86_64-pc-linux-gnu/11.2.1/../../../../lib64]
    arg [-L/lib/../lib64] ==> dir [/lib/../lib64]
    arg [-L/usr/lib/../lib64] ==> dir [/usr/lib/../lib64]
    arg [-L/usr/lib/gcc/x86_64-pc-linux-gnu/11.2.1/../../../../x86_64-pc-linux-gnu/lib] ==> dir [/usr/lib/gcc/x86_64-pc-linux-gnu/11.2.1/../../../../x86_64-pc-linux-gnu/lib]
    arg [-L/lib] ==> dir [/lib]
    arg [-L/usr/lib] ==> dir [/usr/lib]
    arg [CMakeFiles/cmTC_5571a.dir/CMakeCXXCompilerABI.cpp.o] ==> ignore
    arg [-lstdc++] ==> lib [stdc++]
    arg [-lm] ==> lib [m]
    arg [-lgcc_s] ==> lib [gcc_s]
    arg [-lgcc] ==> lib [gcc]
    arg [-lc] ==> lib [c]
    arg [-lgcc_s] ==> lib [gcc_s]
    arg [-lgcc] ==> lib [gcc]
    arg [/usr/lib/gcc/x86_64-pc-linux-gnu/11.2.1/crtendS.o] ==> obj [/usr/lib/gcc/x86_64-pc-linux-gnu/11.2.1/crtendS.o]
    arg [/usr/lib/gcc/x86_64-pc-linux-gnu/11.2.1/../../../../lib64/crtn.o] ==> obj [/usr/lib/gcc/x86_64-pc-linux-gnu/11.2.1/../../../../lib64/crtn.o]
  collapse obj [/usr/lib/gcc/x86_64-pc-linux-gnu/11.2.1/../../../../lib64/Scrt1.o] ==> [/usr/lib64/Scrt1.o]
  collapse obj [/usr/lib/gcc/x86_64-pc-linux-gnu/11.2.1/../../../../lib64/crti.o] ==> [/usr/lib64/crti.o]
  collapse obj [/usr/lib/gcc/x86_64-pc-linux-gnu/11.2.1/../../../../lib64/crtn.o] ==> [/usr/lib64/crtn.o]
  collapse library dir [/usr/lib/gcc/x86_64-pc-linux-gnu/11.2.1] ==> [/usr/lib/gcc/x86_64-pc-linux-gnu/11.2.1]
  collapse library dir [/usr/lib/gcc/x86_64-pc-linux-gnu/11.2.1/../../../../lib64] ==> [/usr/lib64]
  collapse library dir [/lib/../lib64] ==> [/lib64]
  collapse library dir [/usr/lib/../lib64] ==> [/usr/lib64]
  collapse library dir [/usr/lib/gcc/x86_64-pc-linux-gnu/11.2.1/../../../../x86_64-pc-linux-gnu/lib] ==> [/usr/x86_64-pc-linux-gnu/lib]
  collapse library dir [/lib] ==> [/lib]
  collapse library dir [/usr/lib] ==> [/usr/lib]
  implicit libs: [stdc++;m;gcc_s;gcc;c;gcc_s;gcc]
  implicit objs: [/usr/lib64/Scrt1.o;/usr/lib64/crti.o;/usr/lib/gcc/x86_64-pc-linux-gnu/11.2.1/crtbeginS.o;/usr/lib/gcc/x86_64-pc-linux-gnu/11.2.1/crtendS.o;/usr/lib64/crtn.o]
  implicit dirs: [/usr/lib/gcc/x86_64-pc-linux-gnu/11.2.1;/usr/lib64;/lib64;/usr/x86_64-pc-linux-gnu/lib;/lib;/usr/lib]
  implicit fwks: []


